<?xml version="1.0" encoding="UTF-8"?>
<!-- Generated by org.testng.reporters.JUnitReportReporter -->
<testsuite hostname="Rizons-MacBook-Air.local" failures="0" tests="1" name="zoopla.uk.myrunner.MyRunner" time="0.281" errors="0" timestamp="26 Oct 2022 23:52:06 GMT" skipped="0">
  <testcase classname="zoopla.uk.myrunner.MyRunner" name="feature" time="0.281"/>
</testsuite> <!-- zoopla.uk.myrunner.MyRunner -->
